<?xml version="1.0" encoding="UTF-8"?>
<!-- Generated by org.testng.reporters.JUnitReportReporter -->
<testsuite hostname="CPX-3P6BM7M6ADZ" failures="0" tests="1" name="tests.DemoTest" time="14.479" errors="0" timestamp="2021-06-07T15:21:40 ART" skipped="0">
  <testcase classname="tests.DemoTest" name="navigateToGooglePage" time="14.479"/>
  <system-out/>
</testsuite> <!-- tests.DemoTest -->
